<?xml version="1.0" encoding="UTF-8"?>
<testng-results ignored="0" total="1" passed="1" failed="0" skipped="0">
  <reporter-output>
  </reporter-output>
  <suite started-at="2024-10-21T14:14:38 IST" name="Surefire suite" finished-at="2024-10-21T14:14:42 IST" duration-ms="4283">
    <groups>
      <group name="sanity">
        <method signature="LoginTest.testGoogle(java.util.Map)[pri:0, instance:tests.LoginTest@16ec5519]" name="testGoogle" class="tests.LoginTest"/>
      </group> <!-- sanity -->
    </groups>
    <test started-at="2024-10-21T14:14:38 IST" name="Surefire test" finished-at="2024-10-21T14:14:42 IST" duration-ms="4283">
      <class name="tests.LoginTest">
        <test-method is-config="true" signature="beforeMethod()[pri:0, instance:tests.LoginTest@16ec5519]" started-at="2024-10-21T14:14:39 IST" name="beforeMethod" finished-at="2024-10-21T14:14:42 IST" duration-ms="3326" status="PASS">
          <reporter-output>
          </reporter-output>
        </test-method> <!-- beforeMethod -->
        <test-method signature="testGoogle(java.util.Map)[pri:0, instance:tests.LoginTest@16ec5519]" started-at="2024-10-21T14:14:42 IST" name="testGoogle" data-provider="loginData" finished-at="2024-10-21T14:14:42 IST" duration-ms="81" status="PASS">
          <params>
            <param index="0">
              <value>
                <![CDATA[{password=123456Aa@, username=Namashivaya.gangishetty@forsysinc.com}]]>
              </value>
            </param>
          </params>
          <reporter-output>
          </reporter-output>
        </test-method> <!-- testGoogle -->
        <test-method is-config="true" signature="afterMethod()[pri:0, instance:tests.LoginTest@16ec5519]" started-at="2024-10-21T14:14:42 IST" name="afterMethod" finished-at="2024-10-21T14:14:42 IST" duration-ms="158" status="PASS">
          <reporter-output>
          </reporter-output>
        </test-method> <!-- afterMethod -->
      </class> <!-- tests.LoginTest -->
    </test> <!-- Surefire test -->
  </suite> <!-- Surefire suite -->
</testng-results>
