<?xml version="1.0" encoding="UTF-8"?>
<testsuite xmlns:xsi="http://www.w3.org/2001/XMLSchema-instance" xsi:noNamespaceSchemaLocation="https://maven.apache.org/surefire/maven-surefire-plugin/xsd/surefire-test-report-3.0.xsd" version="3.0" name="tests.LoginTest" time="4.67" tests="1" errors="0" skipped="0" failures="0">
  <properties>
[...]
</properties>
  <testcase name="testGoogle[{password=123456Aa@, username=Namashivaya.gangishetty@forsysinc.com}](1)" classname="tests.LoginTest" time="0.082">
    <system-out><![CDATA[driverTypechrome
headlessStrfalse
System.getProperty(name)null
getRequiredSystemPropertyde_AT
System.getProperty(name)null
folderPathtest-output/ExtentReport/Run_20241021141442/
]]></system-out>
    <system-err><![CDATA[Oct 21, 2024 2:14:41 PM org.openqa.selenium.devtools.CdpVersionFinder findNearestMatch
WARNING: Unable to find CDP implementation matching 129
Oct 21, 2024 2:14:41 PM org.openqa.selenium.chromium.ChromiumDriver lambda$new$5
WARNING: Unable to find version of CDP to use for 129.0.6668.90. You may need to include a dependency on a specific version of the CDP using something similar to `org.seleniumhq.selenium:selenium-devtools-v86:4.18.1` where the version ("v86") matches the version of the chromium-based browser you're using and the version number of the artifact is the same as Selenium's.
]]></system-err>
  </testcase>
</testsuite>