<?xml version="1.0" encoding="UTF-8"?>
<testng-results ignored="0" total="1" passed="1" failed="0" skipped="0">
  <reporter-output>
  </reporter-output>
  <suite started-at="2024-10-22T14:43:05 IST" name="RobinHood" finished-at="2024-10-22T14:43:26 IST" duration-ms="21881">
    <groups>
      <group name="Regression">
        <method signature="LoginTest.testGoogle(java.util.Map)[pri:0, instance:tests.LoginTest@34a3d150]" name="testGoogle" class="tests.LoginTest"/>
      </group> <!-- Regression -->
    </groups>
    <test started-at="2024-10-22T14:43:05 IST" name="LoginTest" finished-at="2024-10-22T14:43:26 IST" duration-ms="21881">
      <class name="tests.LoginTest">
        <test-method is-config="true" signature="beforeClass()[pri:0, instance:tests.LoginTest@34a3d150]" started-at="2024-10-22T14:43:05 IST" name="beforeClass" finished-at="2024-10-22T14:43:05 IST" duration-ms="5" status="PASS">
          <reporter-output>
          </reporter-output>
        </test-method> <!-- beforeClass -->
        <test-method is-config="true" signature="beforeMethod()[pri:0, instance:tests.LoginTest@34a3d150]" started-at="2024-10-22T14:43:05 IST" name="beforeMethod" finished-at="2024-10-22T14:43:12 IST" duration-ms="6891" status="PASS">
          <reporter-output>
          </reporter-output>
        </test-method> <!-- beforeMethod -->
        <test-method signature="testGoogle(java.util.Map)[pri:0, instance:tests.LoginTest@34a3d150]" started-at="2024-10-22T14:43:12 IST" name="testGoogle" data-provider="loginData" finished-at="2024-10-22T14:43:26 IST" duration-ms="14215" status="PASS">
          <params>
            <param index="0">
              <value>
                <![CDATA[{password=Welcome123, username=Divya.p}]]>
              </value>
            </param>
          </params>
          <reporter-output>
          </reporter-output>
        </test-method> <!-- testGoogle -->
        <test-method is-config="true" signature="afterMethod()[pri:0, instance:tests.LoginTest@34a3d150]" started-at="2024-10-22T14:43:26 IST" name="afterMethod" finished-at="2024-10-22T14:43:26 IST" duration-ms="71" status="PASS">
          <reporter-output>
          </reporter-output>
        </test-method> <!-- afterMethod -->
      </class> <!-- tests.LoginTest -->
    </test> <!-- LoginTest -->
  </suite> <!-- RobinHood -->
</testng-results>
